2025-02-22 18:55:23 [main] INFO  com.nasa.NasaBotApplication - Starting NasaBotApplication using Java 21.0.4 with PID 15748 (C:\Users\coman\IdeaProjects\nasa_bot\target\classes started by coman in C:\Users\coman\IdeaProjects\nasa_bot)
2025-02-22 18:55:23 [main] INFO  com.nasa.NasaBotApplication - No active profile set, falling back to 1 default profile: "default"
2025-02-22 18:55:24 [main] INFO  o.s.b.w.e.tomcat.TomcatWebServer - Tomcat initialized with port 8080 (http)
2025-02-22 18:55:25 [main] INFO  o.a.coyote.http11.Http11NioProtocol - Initializing ProtocolHandler ["http-nio-8080"]
2025-02-22 18:55:25 [main] INFO  o.a.catalina.core.StandardService - Starting service [Tomcat]
2025-02-22 18:55:25 [main] INFO  o.a.catalina.core.StandardEngine - Starting Servlet engine: [Apache Tomcat/10.1.36]
2025-02-22 18:55:25 [main] INFO  o.a.c.c.C.[Tomcat].[localhost].[/] - Initializing Spring embedded WebApplicationContext
2025-02-22 18:55:25 [main] INFO  o.s.b.w.s.c.ServletWebServerApplicationContext - Root WebApplicationContext: initialization completed in 1328 ms
2025-02-22 18:55:26 [main] INFO  o.s.v.b.OptionalValidatorFactoryBean - Failed to set up a Bean Validation provider: jakarta.validation.NoProviderFoundException: Unable to create a Configuration, because no Jakarta Bean Validation provider could be found. Add a provider like Hibernate Validator (RI) to your classpath.
2025-02-22 18:55:26 [main] INFO  o.a.coyote.http11.Http11NioProtocol - Starting ProtocolHandler ["http-nio-8080"]
2025-02-22 18:55:26 [main] INFO  o.s.b.w.e.tomcat.TomcatWebServer - Tomcat started on port 8080 (http) with context path '/'
2025-02-22 18:55:26 [main] INFO  com.nasa.NasaBotApplication - Started NasaBotApplication in 3.35 seconds (process running for 4.569)
2025-02-22 18:56:13 [nasa_s_bot Telegram Executor] INFO  c.n.s.handler.impl.CommandHandler - User: Viacheslav wrote wrong command:  2020-02-02
2025-02-22 18:57:49 [SpringApplicationShutdownHook] INFO  o.s.b.w.e.tomcat.GracefulShutdown - Commencing graceful shutdown. Waiting for active requests to complete
2025-02-22 18:57:49 [tomcat-shutdown] INFO  o.s.b.w.e.tomcat.GracefulShutdown - Graceful shutdown complete
2025-02-22 19:37:16 [main] INFO  com.nasa.NasaBotApplication - Starting NasaBotApplication using Java 21.0.4 with PID 3288 (C:\Users\coman\IdeaProjects\nasa_bot\target\classes started by coman in C:\Users\coman\IdeaProjects\nasa_bot)
2025-02-22 19:37:16 [main] INFO  com.nasa.NasaBotApplication - No active profile set, falling back to 1 default profile: "default"
2025-02-22 19:37:17 [main] INFO  o.s.b.w.e.tomcat.TomcatWebServer - Tomcat initialized with port 8080 (http)
2025-02-22 19:37:17 [main] INFO  o.a.coyote.http11.Http11NioProtocol - Initializing ProtocolHandler ["http-nio-8080"]
2025-02-22 19:37:17 [main] INFO  o.a.catalina.core.StandardService - Starting service [Tomcat]
2025-02-22 19:37:17 [main] INFO  o.a.catalina.core.StandardEngine - Starting Servlet engine: [Apache Tomcat/10.1.36]
2025-02-22 19:37:18 [main] INFO  o.a.c.c.C.[Tomcat].[localhost].[/] - Initializing Spring embedded WebApplicationContext
2025-02-22 19:37:18 [main] INFO  o.s.b.w.s.c.ServletWebServerApplicationContext - Root WebApplicationContext: initialization completed in 1172 ms
2025-02-22 19:37:19 [main] INFO  o.s.v.b.OptionalValidatorFactoryBean - Failed to set up a Bean Validation provider: jakarta.validation.NoProviderFoundException: Unable to create a Configuration, because no Jakarta Bean Validation provider could be found. Add a provider like Hibernate Validator (RI) to your classpath.
2025-02-22 19:37:19 [main] INFO  o.a.coyote.http11.Http11NioProtocol - Starting ProtocolHandler ["http-nio-8080"]
2025-02-22 19:37:19 [main] INFO  o.s.b.w.e.tomcat.TomcatWebServer - Tomcat started on port 8080 (http) with context path '/'
2025-02-22 19:37:19 [main] INFO  com.nasa.NasaBotApplication - Started NasaBotApplication in 3.074 seconds (process running for 3.954)
2025-02-22 19:55:55 [nasa_s_bot Telegram Executor] ERROR o.t.t.u.DefaultBotSession - Cannot invoke "org.telegram.telegrambots.meta.api.objects.Contact.getPhoneNumber()" because the return value of "org.telegram.telegrambots.meta.api.objects.Message.getContact()" is null
java.lang.NullPointerException: Cannot invoke "org.telegram.telegrambots.meta.api.objects.Contact.getPhoneNumber()" because the return value of "org.telegram.telegrambots.meta.api.objects.Message.getContact()" is null
	at com.nasa.serviceBot.UpdateDispatcher.getUserInfo(UpdateDispatcher.java:52)
	at com.nasa.serviceBot.UpdateDispatcher.handleUpdate(UpdateDispatcher.java:35)
	at com.nasa.bot.NasaBot.onUpdateReceived(NasaBot.java:35)
	at java.base/java.util.ArrayList.forEach(ArrayList.java:1596)
	at org.telegram.telegrambots.meta.generics.LongPollingBot.onUpdatesReceived(LongPollingBot.java:27)
	at org.telegram.telegrambots.updatesreceivers.DefaultBotSession$HandlerThread.run(DefaultBotSession.java:312)
2025-02-22 19:58:36 [SpringApplicationShutdownHook] INFO  o.s.b.w.e.tomcat.GracefulShutdown - Commencing graceful shutdown. Waiting for active requests to complete
2025-02-22 19:58:36 [tomcat-shutdown] INFO  o.s.b.w.e.tomcat.GracefulShutdown - Graceful shutdown complete
2025-02-22 19:58:41 [main] INFO  com.nasa.NasaBotApplication - Starting NasaBotApplication using Java 21.0.4 with PID 4752 (C:\Users\coman\IdeaProjects\nasa_bot\target\classes started by coman in C:\Users\coman\IdeaProjects\nasa_bot)
2025-02-22 19:58:41 [main] INFO  com.nasa.NasaBotApplication - No active profile set, falling back to 1 default profile: "default"
2025-02-22 19:58:42 [main] INFO  o.s.b.w.e.tomcat.TomcatWebServer - Tomcat initialized with port 8080 (http)
2025-02-22 19:58:42 [main] INFO  o.a.coyote.http11.Http11NioProtocol - Initializing ProtocolHandler ["http-nio-8080"]
2025-02-22 19:58:42 [main] INFO  o.a.catalina.core.StandardService - Starting service [Tomcat]
2025-02-22 19:58:42 [main] INFO  o.a.catalina.core.StandardEngine - Starting Servlet engine: [Apache Tomcat/10.1.36]
2025-02-22 19:58:42 [main] INFO  o.a.c.c.C.[Tomcat].[localhost].[/] - Initializing Spring embedded WebApplicationContext
2025-02-22 19:58:42 [main] INFO  o.s.b.w.s.c.ServletWebServerApplicationContext - Root WebApplicationContext: initialization completed in 1147 ms
2025-02-22 19:58:43 [main] INFO  o.s.v.b.OptionalValidatorFactoryBean - Failed to set up a Bean Validation provider: jakarta.validation.NoProviderFoundException: Unable to create a Configuration, because no Jakarta Bean Validation provider could be found. Add a provider like Hibernate Validator (RI) to your classpath.
2025-02-22 19:58:43 [main] INFO  o.a.coyote.http11.Http11NioProtocol - Starting ProtocolHandler ["http-nio-8080"]
2025-02-22 19:58:43 [main] INFO  o.s.b.w.e.tomcat.TomcatWebServer - Tomcat started on port 8080 (http) with context path '/'
2025-02-22 19:58:43 [main] INFO  com.nasa.NasaBotApplication - Started NasaBotApplication in 3.122 seconds (process running for 4.032)
2025-02-22 19:58:55 [nasa_s_bot Telegram Executor] ERROR o.t.t.u.DefaultBotSession - Cannot invoke "org.telegram.telegrambots.meta.api.objects.Location.toString()" because the return value of "org.telegram.telegrambots.meta.api.objects.Message.getLocation()" is null
java.lang.NullPointerException: Cannot invoke "org.telegram.telegrambots.meta.api.objects.Location.toString()" because the return value of "org.telegram.telegrambots.meta.api.objects.Message.getLocation()" is null
	at com.nasa.serviceBot.UpdateDispatcher.getUserInfo(UpdateDispatcher.java:53)
	at com.nasa.serviceBot.UpdateDispatcher.handleUpdate(UpdateDispatcher.java:35)
	at com.nasa.bot.NasaBot.onUpdateReceived(NasaBot.java:35)
	at java.base/java.util.ArrayList.forEach(ArrayList.java:1596)
	at org.telegram.telegrambots.meta.generics.LongPollingBot.onUpdatesReceived(LongPollingBot.java:27)
	at org.telegram.telegrambots.updatesreceivers.DefaultBotSession$HandlerThread.run(DefaultBotSession.java:312)
2025-02-22 19:59:23 [SpringApplicationShutdownHook] INFO  o.s.b.w.e.tomcat.GracefulShutdown - Commencing graceful shutdown. Waiting for active requests to complete
2025-02-22 19:59:23 [tomcat-shutdown] INFO  o.s.b.w.e.tomcat.GracefulShutdown - Graceful shutdown complete
2025-02-22 20:04:47 [main] INFO  com.nasa.NasaBotApplication - Starting NasaBotApplication using Java 21.0.4 with PID 4736 (C:\Users\coman\IdeaProjects\nasa_bot\target\classes started by coman in C:\Users\coman\IdeaProjects\nasa_bot)
2025-02-22 20:04:47 [main] INFO  com.nasa.NasaBotApplication - No active profile set, falling back to 1 default profile: "default"
2025-02-22 20:04:48 [main] INFO  o.s.b.w.e.tomcat.TomcatWebServer - Tomcat initialized with port 8080 (http)
2025-02-22 20:04:48 [main] INFO  o.a.coyote.http11.Http11NioProtocol - Initializing ProtocolHandler ["http-nio-8080"]
2025-02-22 20:04:48 [main] INFO  o.a.catalina.core.StandardService - Starting service [Tomcat]
2025-02-22 20:04:48 [main] INFO  o.a.catalina.core.StandardEngine - Starting Servlet engine: [Apache Tomcat/10.1.36]
2025-02-22 20:04:48 [main] INFO  o.a.c.c.C.[Tomcat].[localhost].[/] - Initializing Spring embedded WebApplicationContext
2025-02-22 20:04:48 [main] INFO  o.s.b.w.s.c.ServletWebServerApplicationContext - Root WebApplicationContext: initialization completed in 1366 ms
2025-02-22 20:04:49 [main] INFO  o.s.v.b.OptionalValidatorFactoryBean - Failed to set up a Bean Validation provider: jakarta.validation.NoProviderFoundException: Unable to create a Configuration, because no Jakarta Bean Validation provider could be found. Add a provider like Hibernate Validator (RI) to your classpath.
2025-02-22 20:04:49 [main] INFO  o.a.coyote.http11.Http11NioProtocol - Starting ProtocolHandler ["http-nio-8080"]
2025-02-22 20:04:49 [main] INFO  o.s.b.w.e.tomcat.TomcatWebServer - Tomcat started on port 8080 (http) with context path '/'
2025-02-22 20:04:49 [main] INFO  com.nasa.NasaBotApplication - Started NasaBotApplication in 3.335 seconds (process running for 4.318)
2025-02-22 20:04:58 [nasa_s_bot Telegram Executor] INFO  c.nasa.serviceBot.UpdateDispatcher - ID: 803292990 Viacheslav null HowardRoarkS /start
2025-02-22 20:05:25 [nasa_s_bot Telegram Executor] ERROR o.t.t.u.DefaultBotSession - Cannot invoke "org.telegram.telegrambots.meta.api.objects.Message.getFrom()" because "message" is null
java.lang.NullPointerException: Cannot invoke "org.telegram.telegrambots.meta.api.objects.Message.getFrom()" because "message" is null
	at com.nasa.serviceBot.UpdateDispatcher.getUserInfo(UpdateDispatcher.java:48)
	at com.nasa.serviceBot.UpdateDispatcher.handleUpdate(UpdateDispatcher.java:35)
	at com.nasa.bot.NasaBot.onUpdateReceived(NasaBot.java:35)
	at java.base/java.util.ArrayList.forEach(ArrayList.java:1596)
	at org.telegram.telegrambots.meta.generics.LongPollingBot.onUpdatesReceived(LongPollingBot.java:27)
	at org.telegram.telegrambots.updatesreceivers.DefaultBotSession$HandlerThread.run(DefaultBotSession.java:312)
2025-02-22 20:06:17 [nasa_s_bot Telegram Executor] INFO  c.nasa.serviceBot.UpdateDispatcher - ID: 803292990 Viacheslav null HowardRoarkS /start
2025-02-22 20:06:28 [nasa_s_bot Telegram Executor] INFO  c.nasa.serviceBot.UpdateDispatcher - ID: 803292990 Viacheslav null HowardRoarkS /start
2025-02-22 20:06:36 [nasa_s_bot Telegram Executor] ERROR o.t.t.u.DefaultBotSession - Cannot invoke "org.telegram.telegrambots.meta.api.objects.Message.getFrom()" because "message" is null
java.lang.NullPointerException: Cannot invoke "org.telegram.telegrambots.meta.api.objects.Message.getFrom()" because "message" is null
	at com.nasa.serviceBot.UpdateDispatcher.getUserInfo(UpdateDispatcher.java:48)
	at com.nasa.serviceBot.UpdateDispatcher.handleUpdate(UpdateDispatcher.java:35)
	at com.nasa.bot.NasaBot.onUpdateReceived(NasaBot.java:35)
	at java.base/java.util.ArrayList.forEach(ArrayList.java:1596)
	at org.telegram.telegrambots.meta.generics.LongPollingBot.onUpdatesReceived(LongPollingBot.java:27)
	at org.telegram.telegrambots.updatesreceivers.DefaultBotSession$HandlerThread.run(DefaultBotSession.java:312)
2025-02-22 20:16:17 [SpringApplicationShutdownHook] INFO  o.s.b.w.e.tomcat.GracefulShutdown - Commencing graceful shutdown. Waiting for active requests to complete
2025-02-22 20:16:17 [tomcat-shutdown] INFO  o.s.b.w.e.tomcat.GracefulShutdown - Graceful shutdown complete
2025-02-22 20:23:15 [main] INFO  com.nasa.NasaBotApplication - Starting NasaBotApplication using Java 21.0.4 with PID 404 (C:\Users\coman\IdeaProjects\nasa_bot\target\classes started by coman in C:\Users\coman\IdeaProjects\nasa_bot)
2025-02-22 20:23:15 [main] INFO  com.nasa.NasaBotApplication - No active profile set, falling back to 1 default profile: "default"
2025-02-22 20:23:17 [main] INFO  o.s.b.w.e.tomcat.TomcatWebServer - Tomcat initialized with port 8080 (http)
2025-02-22 20:23:17 [main] INFO  o.a.coyote.http11.Http11NioProtocol - Initializing ProtocolHandler ["http-nio-8080"]
2025-02-22 20:23:17 [main] INFO  o.a.catalina.core.StandardService - Starting service [Tomcat]
2025-02-22 20:23:17 [main] INFO  o.a.catalina.core.StandardEngine - Starting Servlet engine: [Apache Tomcat/10.1.36]
2025-02-22 20:23:17 [main] INFO  o.a.c.c.C.[Tomcat].[localhost].[/] - Initializing Spring embedded WebApplicationContext
2025-02-22 20:23:17 [main] INFO  o.s.b.w.s.c.ServletWebServerApplicationContext - Root WebApplicationContext: initialization completed in 1097 ms
2025-02-22 20:23:18 [main] INFO  o.s.v.b.OptionalValidatorFactoryBean - Failed to set up a Bean Validation provider: jakarta.validation.NoProviderFoundException: Unable to create a Configuration, because no Jakarta Bean Validation provider could be found. Add a provider like Hibernate Validator (RI) to your classpath.
2025-02-22 20:23:18 [main] INFO  o.a.coyote.http11.Http11NioProtocol - Starting ProtocolHandler ["http-nio-8080"]
2025-02-22 20:23:18 [main] INFO  o.s.b.w.e.tomcat.TomcatWebServer - Tomcat started on port 8080 (http) with context path '/'
2025-02-22 20:23:18 [main] INFO  com.nasa.NasaBotApplication - Started NasaBotApplication in 2.942 seconds (process running for 3.817)
2025-02-22 20:23:33 [nasa_s_bot Telegram Executor] INFO  c.nasa.serviceBot.UpdateDispatcher - ID: 803292990 Viacheslav null HowardRoarkS message: /start
2025-02-22 20:28:41 [nasa_s_bot Telegram Executor] INFO  c.n.s.handler.impl.CommandHandler - User: Viacheslav wrote wrong command:  45
2025-02-22 20:28:41 [nasa_s_bot Telegram Executor] INFO  c.nasa.serviceBot.UpdateDispatcher - ID: 803292990 Viacheslav null HowardRoarkS message: 45
2025-02-22 20:29:06 [nasa_s_bot Telegram Executor] INFO  c.nasa.serviceBot.UpdateDispatcher - ID: 803292990 Viacheslav null HowardRoarkS message: /help
2025-02-22 20:30:05 [nasa_s_bot Telegram Executor] INFO  c.nasa.serviceBot.UpdateDispatcher - ID: 803292990 Viacheslav null HowardRoarkS message: 2025-01-01
2025-02-22 20:30:18 [nasa_s_bot Telegram Executor] INFO  c.nasa.serviceBot.UpdateDispatcher - ID: 803292990 Viacheslav null HowardRoarkS message: 2025-01-03
2025-02-22 20:30:29 [nasa_s_bot Telegram Executor] INFO  c.nasa.serviceBot.UpdateDispatcher - ID: 803292990 Viacheslav null HowardRoarkS message: 2025-01-02
2025-02-22 20:30:38 [nasa_s_bot Telegram Executor] INFO  c.nasa.serviceBot.UpdateDispatcher - ID: 803292990 Viacheslav null HowardRoarkS message: 2025-01-09
2025-02-22 20:30:45 [nasa_s_bot Telegram Executor] INFO  c.nasa.serviceBot.UpdateDispatcher - ID: 803292990 Viacheslav null HowardRoarkS message: 2025-01-06
2025-02-22 20:30:58 [nasa_s_bot Telegram Executor] INFO  c.nasa.serviceBot.UpdateDispatcher - ID: 803292990 Viacheslav null HowardRoarkS message: 2025-01-18
2025-02-22 20:31:21 [nasa_s_bot Telegram Executor] INFO  c.nasa.serviceBot.UpdateDispatcher - ID: 803292990 Viacheslav null HowardRoarkS message: 2025-01-25
2025-02-22 20:32:13 [nasa_s_bot Telegram Executor] INFO  c.nasa.serviceBot.UpdateDispatcher - ID: 803292990 Viacheslav null HowardRoarkS message: /help
2025-02-22 20:32:15 [nasa_s_bot Telegram Executor] INFO  c.nasa.serviceBot.UpdateDispatcher - ID: 803292990 Viacheslav null HowardRoarkS message: /start
2025-02-22 20:32:36 [nasa_s_bot Telegram Executor] INFO  c.nasa.serviceBot.UpdateDispatcher - ID: 803292990 Viacheslav null HowardRoarkS message: /start
2025-02-22 20:33:09 [SpringApplicationShutdownHook] INFO  o.s.b.w.e.tomcat.GracefulShutdown - Commencing graceful shutdown. Waiting for active requests to complete
2025-02-22 20:33:09 [tomcat-shutdown] INFO  o.s.b.w.e.tomcat.GracefulShutdown - Graceful shutdown complete
2025-02-22 20:33:39 [main] INFO  com.nasa.NasaBotApplication - Starting NasaBotApplication using Java 21.0.4 with PID 1364 (C:\Users\coman\IdeaProjects\nasa_bot\target\classes started by coman in C:\Users\coman\IdeaProjects\nasa_bot)
2025-02-22 20:33:39 [main] INFO  com.nasa.NasaBotApplication - No active profile set, falling back to 1 default profile: "default"
2025-02-22 20:33:40 [main] INFO  o.s.b.w.e.tomcat.TomcatWebServer - Tomcat initialized with port 8080 (http)
2025-02-22 20:33:40 [main] INFO  o.a.coyote.http11.Http11NioProtocol - Initializing ProtocolHandler ["http-nio-8080"]
2025-02-22 20:33:40 [main] INFO  o.a.catalina.core.StandardService - Starting service [Tomcat]
2025-02-22 20:33:40 [main] INFO  o.a.catalina.core.StandardEngine - Starting Servlet engine: [Apache Tomcat/10.1.36]
2025-02-22 20:33:40 [main] INFO  o.a.c.c.C.[Tomcat].[localhost].[/] - Initializing Spring embedded WebApplicationContext
2025-02-22 20:33:40 [main] INFO  o.s.b.w.s.c.ServletWebServerApplicationContext - Root WebApplicationContext: initialization completed in 1241 ms
2025-02-22 20:33:41 [main] INFO  o.s.v.b.OptionalValidatorFactoryBean - Failed to set up a Bean Validation provider: jakarta.validation.NoProviderFoundException: Unable to create a Configuration, because no Jakarta Bean Validation provider could be found. Add a provider like Hibernate Validator (RI) to your classpath.
2025-02-22 20:33:41 [main] INFO  o.a.coyote.http11.Http11NioProtocol - Starting ProtocolHandler ["http-nio-8080"]
2025-02-22 20:33:41 [main] INFO  o.s.b.w.e.tomcat.TomcatWebServer - Tomcat started on port 8080 (http) with context path '/'
2025-02-22 20:33:41 [main] INFO  com.nasa.NasaBotApplication - Started NasaBotApplication in 3.208 seconds (process running for 4.239)
2025-02-22 20:35:20 [nasa_s_bot Telegram Executor] INFO  c.nasa.serviceBot.UpdateDispatcher - ID: 803292990 User: Viacheslav null HowardRoarkS Message: 50.444 36.5
2025-02-22 20:36:56 [SpringApplicationShutdownHook] INFO  o.s.b.w.e.tomcat.GracefulShutdown - Commencing graceful shutdown. Waiting for active requests to complete
2025-02-22 20:36:56 [tomcat-shutdown] INFO  o.s.b.w.e.tomcat.GracefulShutdown - Graceful shutdown complete
2025-02-23 00:22:55 [main] INFO  com.nasa.NasaBotApplication - Starting NasaBotApplication using Java 21.0.4 with PID 9340 (C:\Users\coman\IdeaProjects\nasa_bot\target\classes started by coman in C:\Users\coman\IdeaProjects\nasa_bot)
2025-02-23 00:22:55 [main] INFO  com.nasa.NasaBotApplication - No active profile set, falling back to 1 default profile: "default"
2025-02-23 00:22:56 [main] INFO  o.s.b.w.e.tomcat.TomcatWebServer - Tomcat initialized with port 8080 (http)
2025-02-23 00:22:56 [main] INFO  o.a.coyote.http11.Http11NioProtocol - Initializing ProtocolHandler ["http-nio-8080"]
2025-02-23 00:22:56 [main] INFO  o.a.catalina.core.StandardService - Starting service [Tomcat]
2025-02-23 00:22:56 [main] INFO  o.a.catalina.core.StandardEngine - Starting Servlet engine: [Apache Tomcat/10.1.36]
2025-02-23 00:22:56 [main] INFO  o.a.c.c.C.[Tomcat].[localhost].[/] - Initializing Spring embedded WebApplicationContext
2025-02-23 00:22:56 [main] INFO  o.s.b.w.s.c.ServletWebServerApplicationContext - Root WebApplicationContext: initialization completed in 1201 ms
2025-02-23 00:22:57 [main] INFO  o.s.v.b.OptionalValidatorFactoryBean - Failed to set up a Bean Validation provider: jakarta.validation.NoProviderFoundException: Unable to create a Configuration, because no Jakarta Bean Validation provider could be found. Add a provider like Hibernate Validator (RI) to your classpath.
2025-02-23 00:22:58 [main] INFO  o.a.coyote.http11.Http11NioProtocol - Starting ProtocolHandler ["http-nio-8080"]
2025-02-23 00:22:58 [main] INFO  o.s.b.w.e.tomcat.TomcatWebServer - Tomcat started on port 8080 (http) with context path '/'
2025-02-23 00:22:58 [main] INFO  com.nasa.NasaBotApplication - Started NasaBotApplication in 3.19 seconds (process running for 4.34)
2025-02-23 00:23:53 [SpringApplicationShutdownHook] INFO  o.s.b.w.e.tomcat.GracefulShutdown - Commencing graceful shutdown. Waiting for active requests to complete
2025-02-23 00:23:53 [tomcat-shutdown] INFO  o.s.b.w.e.tomcat.GracefulShutdown - Graceful shutdown complete
2025-02-23 00:23:57 [main] INFO  com.nasa.NasaBotApplication - Starting NasaBotApplication using Java 21.0.4 with PID 16500 (C:\Users\coman\IdeaProjects\nasa_bot\target\classes started by coman in C:\Users\coman\IdeaProjects\nasa_bot)
2025-02-23 00:23:57 [main] INFO  com.nasa.NasaBotApplication - No active profile set, falling back to 1 default profile: "default"
2025-02-23 00:23:58 [main] INFO  o.s.b.w.e.tomcat.TomcatWebServer - Tomcat initialized with port 8080 (http)
2025-02-23 00:23:58 [main] INFO  o.a.coyote.http11.Http11NioProtocol - Initializing ProtocolHandler ["http-nio-8080"]
2025-02-23 00:23:58 [main] INFO  o.a.catalina.core.StandardService - Starting service [Tomcat]
2025-02-23 00:23:58 [main] INFO  o.a.catalina.core.StandardEngine - Starting Servlet engine: [Apache Tomcat/10.1.36]
2025-02-23 00:23:58 [main] INFO  o.a.c.c.C.[Tomcat].[localhost].[/] - Initializing Spring embedded WebApplicationContext
2025-02-23 00:23:58 [main] INFO  o.s.b.w.s.c.ServletWebServerApplicationContext - Root WebApplicationContext: initialization completed in 1115 ms
2025-02-23 00:23:59 [main] INFO  o.s.v.b.OptionalValidatorFactoryBean - Failed to set up a Bean Validation provider: jakarta.validation.NoProviderFoundException: Unable to create a Configuration, because no Jakarta Bean Validation provider could be found. Add a provider like Hibernate Validator (RI) to your classpath.
2025-02-23 00:24:00 [main] INFO  o.a.coyote.http11.Http11NioProtocol - Starting ProtocolHandler ["http-nio-8080"]
2025-02-23 00:24:00 [main] INFO  o.s.b.w.e.tomcat.TomcatWebServer - Tomcat started on port 8080 (http) with context path '/'
2025-02-23 00:24:00 [main] INFO  com.nasa.NasaBotApplication - Started NasaBotApplication in 3.055 seconds (process running for 3.956)
2025-02-23 00:25:03 [SpringApplicationShutdownHook] INFO  o.s.b.w.e.tomcat.GracefulShutdown - Commencing graceful shutdown. Waiting for active requests to complete
2025-02-23 00:25:03 [tomcat-shutdown] INFO  o.s.b.w.e.tomcat.GracefulShutdown - Graceful shutdown complete
2025-02-23 00:25:08 [main] INFO  com.nasa.NasaBotApplication - Starting NasaBotApplication using Java 21.0.4 with PID 10292 (C:\Users\coman\IdeaProjects\nasa_bot\target\classes started by coman in C:\Users\coman\IdeaProjects\nasa_bot)
2025-02-23 00:25:08 [main] INFO  com.nasa.NasaBotApplication - No active profile set, falling back to 1 default profile: "default"
2025-02-23 00:25:09 [main] INFO  o.s.b.w.e.tomcat.TomcatWebServer - Tomcat initialized with port 8080 (http)
2025-02-23 00:25:09 [main] INFO  o.a.coyote.http11.Http11NioProtocol - Initializing ProtocolHandler ["http-nio-8080"]
2025-02-23 00:25:09 [main] INFO  o.a.catalina.core.StandardService - Starting service [Tomcat]
2025-02-23 00:25:09 [main] INFO  o.a.catalina.core.StandardEngine - Starting Servlet engine: [Apache Tomcat/10.1.36]
2025-02-23 00:25:09 [main] INFO  o.a.c.c.C.[Tomcat].[localhost].[/] - Initializing Spring embedded WebApplicationContext
2025-02-23 00:25:09 [main] INFO  o.s.b.w.s.c.ServletWebServerApplicationContext - Root WebApplicationContext: initialization completed in 1168 ms
2025-02-23 00:25:10 [main] INFO  o.s.v.b.OptionalValidatorFactoryBean - Failed to set up a Bean Validation provider: jakarta.validation.NoProviderFoundException: Unable to create a Configuration, because no Jakarta Bean Validation provider could be found. Add a provider like Hibernate Validator (RI) to your classpath.
2025-02-23 00:25:11 [main] INFO  o.a.coyote.http11.Http11NioProtocol - Starting ProtocolHandler ["http-nio-8080"]
2025-02-23 00:25:11 [main] INFO  o.s.b.w.e.tomcat.TomcatWebServer - Tomcat started on port 8080 (http) with context path '/'
2025-02-23 00:25:11 [main] INFO  com.nasa.NasaBotApplication - Started NasaBotApplication in 3.059 seconds (process running for 3.941)
2025-02-23 00:28:39 [SpringApplicationShutdownHook] INFO  o.s.b.w.e.tomcat.GracefulShutdown - Commencing graceful shutdown. Waiting for active requests to complete
2025-02-23 00:28:39 [tomcat-shutdown] INFO  o.s.b.w.e.tomcat.GracefulShutdown - Graceful shutdown complete
2025-02-23 00:28:44 [main] INFO  com.nasa.NasaBotApplication - Starting NasaBotApplication using Java 21.0.4 with PID 1576 (C:\Users\coman\IdeaProjects\nasa_bot\target\classes started by coman in C:\Users\coman\IdeaProjects\nasa_bot)
2025-02-23 00:28:44 [main] INFO  com.nasa.NasaBotApplication - No active profile set, falling back to 1 default profile: "default"
2025-02-23 00:28:45 [main] INFO  o.s.b.w.e.tomcat.TomcatWebServer - Tomcat initialized with port 8080 (http)
2025-02-23 00:28:45 [main] INFO  o.a.coyote.http11.Http11NioProtocol - Initializing ProtocolHandler ["http-nio-8080"]
2025-02-23 00:28:45 [main] INFO  o.a.catalina.core.StandardService - Starting service [Tomcat]
2025-02-23 00:28:45 [main] INFO  o.a.catalina.core.StandardEngine - Starting Servlet engine: [Apache Tomcat/10.1.36]
2025-02-23 00:28:45 [main] INFO  o.a.c.c.C.[Tomcat].[localhost].[/] - Initializing Spring embedded WebApplicationContext
2025-02-23 00:28:45 [main] INFO  o.s.b.w.s.c.ServletWebServerApplicationContext - Root WebApplicationContext: initialization completed in 1131 ms
2025-02-23 00:28:47 [main] INFO  o.s.v.b.OptionalValidatorFactoryBean - Failed to set up a Bean Validation provider: jakarta.validation.NoProviderFoundException: Unable to create a Configuration, because no Jakarta Bean Validation provider could be found. Add a provider like Hibernate Validator (RI) to your classpath.
2025-02-23 00:28:47 [main] INFO  o.a.coyote.http11.Http11NioProtocol - Starting ProtocolHandler ["http-nio-8080"]
2025-02-23 00:28:47 [main] INFO  o.s.b.w.e.tomcat.TomcatWebServer - Tomcat started on port 8080 (http) with context path '/'
2025-02-23 00:28:47 [main] INFO  com.nasa.NasaBotApplication - Started NasaBotApplication in 2.976 seconds (process running for 3.874)
2025-02-23 00:40:59 [SpringApplicationShutdownHook] INFO  o.s.b.w.e.tomcat.GracefulShutdown - Commencing graceful shutdown. Waiting for active requests to complete
2025-02-23 00:40:59 [tomcat-shutdown] INFO  o.s.b.w.e.tomcat.GracefulShutdown - Graceful shutdown complete
2025-02-23 12:00:30 [main] INFO  com.nasa.NasaBotApplication - Starting NasaBotApplication using Java 21.0.4 with PID 4660 (C:\Users\coman\IdeaProjects\nasa_bot\target\classes started by coman in C:\Users\coman\IdeaProjects\nasa_bot)
2025-02-23 12:00:30 [main] INFO  com.nasa.NasaBotApplication - No active profile set, falling back to 1 default profile: "default"
2025-02-23 12:00:32 [main] INFO  o.s.b.w.e.tomcat.TomcatWebServer - Tomcat initialized with port 8080 (http)
2025-02-23 12:00:32 [main] INFO  o.a.coyote.http11.Http11NioProtocol - Initializing ProtocolHandler ["http-nio-8080"]
2025-02-23 12:00:32 [main] INFO  o.a.catalina.core.StandardService - Starting service [Tomcat]
2025-02-23 12:00:32 [main] INFO  o.a.catalina.core.StandardEngine - Starting Servlet engine: [Apache Tomcat/10.1.36]
2025-02-23 12:00:32 [main] INFO  o.a.c.c.C.[Tomcat].[localhost].[/] - Initializing Spring embedded WebApplicationContext
2025-02-23 12:00:32 [main] INFO  o.s.b.w.s.c.ServletWebServerApplicationContext - Root WebApplicationContext: initialization completed in 1412 ms
2025-02-23 12:00:33 [main] INFO  o.s.v.b.OptionalValidatorFactoryBean - Failed to set up a Bean Validation provider: jakarta.validation.NoProviderFoundException: Unable to create a Configuration, because no Jakarta Bean Validation provider could be found. Add a provider like Hibernate Validator (RI) to your classpath.
2025-02-23 12:00:34 [main] INFO  o.a.coyote.http11.Http11NioProtocol - Starting ProtocolHandler ["http-nio-8080"]
2025-02-23 12:00:34 [main] INFO  o.s.b.w.e.tomcat.TomcatWebServer - Tomcat started on port 8080 (http) with context path '/'
2025-02-23 12:00:34 [main] INFO  com.nasa.NasaBotApplication - Started NasaBotApplication in 3.991 seconds (process running for 5.345)
2025-02-23 12:00:56 [SpringApplicationShutdownHook] INFO  o.s.b.w.e.tomcat.GracefulShutdown - Commencing graceful shutdown. Waiting for active requests to complete
2025-02-23 12:00:56 [tomcat-shutdown] INFO  o.s.b.w.e.tomcat.GracefulShutdown - Graceful shutdown complete
2025-02-26 23:25:21 [main] INFO  o.s.t.c.s.AnnotationConfigContextLoaderUtils - Could not detect default configuration classes for test class [com.nasa.demo.NasaBotApplicationTests]: NasaBotApplicationTests does not declare any static, non-private, non-final, nested classes annotated with @Configuration.
2025-02-26 23:25:21 [main] INFO  o.s.b.t.c.SpringBootTestContextBootstrapper - Found @SpringBootConfiguration com.nasa.NasaBotApplication for test class com.nasa.demo.NasaBotApplicationTests
2025-02-26 23:25:22 [main] INFO  c.nasa.demo.NasaBotApplicationTests - Starting NasaBotApplicationTests using Java 21.0.4 with PID 15844 (started by coman in C:\Users\coman\IdeaProjects\nasa_bot)
2025-02-26 23:25:22 [main] INFO  c.nasa.demo.NasaBotApplicationTests - No active profile set, falling back to 1 default profile: "default"
2025-02-26 23:25:25 [main] INFO  o.s.v.b.OptionalValidatorFactoryBean - Failed to set up a Bean Validation provider: jakarta.validation.NoProviderFoundException: Unable to create a Configuration, because no Jakarta Bean Validation provider could be found. Add a provider like Hibernate Validator (RI) to your classpath.
2025-02-26 23:25:25 [main] INFO  c.nasa.demo.NasaBotApplicationTests - Started NasaBotApplicationTests in 3.901 seconds (process running for 5.715)
2025-02-26 23:27:49 [main] INFO  com.nasa.NasaBotApplication - Starting NasaBotApplication using Java 21.0.4 with PID 5000 (C:\Users\coman\IdeaProjects\nasa_bot\target\classes started by coman in C:\Users\coman\IdeaProjects\nasa_bot)
2025-02-26 23:27:49 [main] INFO  com.nasa.NasaBotApplication - No active profile set, falling back to 1 default profile: "default"
2025-02-26 23:27:50 [main] INFO  o.s.b.w.e.tomcat.TomcatWebServer - Tomcat initialized with port 8080 (http)
2025-02-26 23:27:50 [main] INFO  o.a.coyote.http11.Http11NioProtocol - Initializing ProtocolHandler ["http-nio-8080"]
2025-02-26 23:27:50 [main] INFO  o.a.catalina.core.StandardService - Starting service [Tomcat]
2025-02-26 23:27:50 [main] INFO  o.a.catalina.core.StandardEngine - Starting Servlet engine: [Apache Tomcat/10.1.36]
2025-02-26 23:27:50 [main] INFO  o.a.c.c.C.[Tomcat].[localhost].[/] - Initializing Spring embedded WebApplicationContext
2025-02-26 23:27:50 [main] INFO  o.s.b.w.s.c.ServletWebServerApplicationContext - Root WebApplicationContext: initialization completed in 1193 ms
2025-02-26 23:27:52 [main] INFO  o.s.v.b.OptionalValidatorFactoryBean - Failed to set up a Bean Validation provider: jakarta.validation.NoProviderFoundException: Unable to create a Configuration, because no Jakarta Bean Validation provider could be found. Add a provider like Hibernate Validator (RI) to your classpath.
2025-02-26 23:27:52 [main] INFO  o.a.coyote.http11.Http11NioProtocol - Starting ProtocolHandler ["http-nio-8080"]
2025-02-26 23:27:52 [main] INFO  o.s.b.w.e.tomcat.TomcatWebServer - Tomcat started on port 8080 (http) with context path '/'
2025-02-26 23:27:52 [main] INFO  com.nasa.NasaBotApplication - Started NasaBotApplication in 3.128 seconds (process running for 4.13)
2025-02-26 23:29:16 [SpringApplicationShutdownHook] INFO  o.s.b.w.e.tomcat.GracefulShutdown - Commencing graceful shutdown. Waiting for active requests to complete
2025-02-26 23:29:16 [tomcat-shutdown] INFO  o.s.b.w.e.tomcat.GracefulShutdown - Graceful shutdown complete
2025-02-27 22:34:44 [main] INFO  o.s.t.c.s.AnnotationConfigContextLoaderUtils - Could not detect default configuration classes for test class [com.nasa.serviceNasaAPI.impl.MarsRoverPhotosTest]: MarsRoverPhotosTest does not declare any static, non-private, non-final, nested classes annotated with @Configuration.
2025-02-27 22:34:44 [main] INFO  o.s.b.t.c.SpringBootTestContextBootstrapper - Found @SpringBootConfiguration com.nasa.NasaBotApplication for test class com.nasa.serviceNasaAPI.impl.MarsRoverPhotosTest
2025-02-27 22:34:45 [main] INFO  c.n.s.impl.MarsRoverPhotosTest - Starting MarsRoverPhotosTest using Java 21.0.4 with PID 8432 (started by coman in C:\Users\coman\IdeaProjects\nasa_bot)
2025-02-27 22:34:45 [main] INFO  c.n.s.impl.MarsRoverPhotosTest - No active profile set, falling back to 1 default profile: "default"
2025-02-27 22:34:48 [main] INFO  o.s.v.b.OptionalValidatorFactoryBean - Failed to set up a Bean Validation provider: jakarta.validation.NoProviderFoundException: Unable to create a Configuration, because no Jakarta Bean Validation provider could be found. Add a provider like Hibernate Validator (RI) to your classpath.
2025-02-27 22:34:49 [main] INFO  c.n.s.impl.MarsRoverPhotosTest - Started MarsRoverPhotosTest in 4.301 seconds (process running for 6.378)
2025-02-27 22:35:14 [main] INFO  o.s.t.c.s.AnnotationConfigContextLoaderUtils - Could not detect default configuration classes for test class [com.nasa.serviceNasaAPI.impl.MarsRoverPhotosTest]: MarsRoverPhotosTest does not declare any static, non-private, non-final, nested classes annotated with @Configuration.
2025-02-27 22:35:14 [main] INFO  o.s.b.t.c.SpringBootTestContextBootstrapper - Found @SpringBootConfiguration com.nasa.NasaBotApplication for test class com.nasa.serviceNasaAPI.impl.MarsRoverPhotosTest
2025-02-27 22:35:15 [main] INFO  c.n.s.impl.MarsRoverPhotosTest - Starting MarsRoverPhotosTest using Java 21.0.4 with PID 12960 (started by coman in C:\Users\coman\IdeaProjects\nasa_bot)
2025-02-27 22:35:15 [main] INFO  c.n.s.impl.MarsRoverPhotosTest - No active profile set, falling back to 1 default profile: "default"
2025-02-27 22:35:17 [main] INFO  o.s.v.b.OptionalValidatorFactoryBean - Failed to set up a Bean Validation provider: jakarta.validation.NoProviderFoundException: Unable to create a Configuration, because no Jakarta Bean Validation provider could be found. Add a provider like Hibernate Validator (RI) to your classpath.
2025-02-27 22:35:18 [main] INFO  c.n.s.impl.MarsRoverPhotosTest - Started MarsRoverPhotosTest in 3.31 seconds (process running for 4.89)
2025-02-27 22:39:11 [main] INFO  o.s.t.c.s.AnnotationConfigContextLoaderUtils - Could not detect default configuration classes for test class [com.nasa.serviceNasaAPI.impl.MarsRoverPhotosTest]: MarsRoverPhotosTest does not declare any static, non-private, non-final, nested classes annotated with @Configuration.
2025-02-27 22:39:11 [main] INFO  o.s.b.t.c.SpringBootTestContextBootstrapper - Found @SpringBootConfiguration com.nasa.NasaBotApplication for test class com.nasa.serviceNasaAPI.impl.MarsRoverPhotosTest
2025-02-27 22:39:12 [main] INFO  c.n.s.impl.MarsRoverPhotosTest - Starting MarsRoverPhotosTest using Java 21.0.4 with PID 12656 (started by coman in C:\Users\coman\IdeaProjects\nasa_bot)
2025-02-27 22:39:12 [main] INFO  c.n.s.impl.MarsRoverPhotosTest - No active profile set, falling back to 1 default profile: "default"
2025-02-27 22:39:15 [main] INFO  o.s.v.b.OptionalValidatorFactoryBean - Failed to set up a Bean Validation provider: jakarta.validation.NoProviderFoundException: Unable to create a Configuration, because no Jakarta Bean Validation provider could be found. Add a provider like Hibernate Validator (RI) to your classpath.
2025-02-27 22:39:15 [main] INFO  c.n.s.impl.MarsRoverPhotosTest - Started MarsRoverPhotosTest in 3.489 seconds (process running for 5.07)
2025-02-27 22:45:18 [main] INFO  o.s.t.c.s.AnnotationConfigContextLoaderUtils - Could not detect default configuration classes for test class [com.nasa.serviceNasaAPI.impl.MarsRoverPhotosTest]: MarsRoverPhotosTest does not declare any static, non-private, non-final, nested classes annotated with @Configuration.
2025-02-27 22:45:18 [main] INFO  o.s.b.t.c.SpringBootTestContextBootstrapper - Found @SpringBootConfiguration com.nasa.NasaBotApplication for test class com.nasa.serviceNasaAPI.impl.MarsRoverPhotosTest
2025-02-27 22:45:18 [main] INFO  c.n.s.impl.MarsRoverPhotosTest - Starting MarsRoverPhotosTest using Java 21.0.4 with PID 14720 (started by coman in C:\Users\coman\IdeaProjects\nasa_bot)
2025-02-27 22:45:18 [main] INFO  c.n.s.impl.MarsRoverPhotosTest - No active profile set, falling back to 1 default profile: "default"
2025-02-27 22:45:21 [main] INFO  o.s.v.b.OptionalValidatorFactoryBean - Failed to set up a Bean Validation provider: jakarta.validation.NoProviderFoundException: Unable to create a Configuration, because no Jakarta Bean Validation provider could be found. Add a provider like Hibernate Validator (RI) to your classpath.
2025-02-27 22:45:21 [main] INFO  c.n.s.impl.MarsRoverPhotosTest - Started MarsRoverPhotosTest in 3.483 seconds (process running for 5.171)
2025-02-27 22:57:36 [main] INFO  o.s.t.c.s.AnnotationConfigContextLoaderUtils - Could not detect default configuration classes for test class [com.nasa.serviceNasaAPI.impl.MarsRoverPhotosTest]: MarsRoverPhotosTest does not declare any static, non-private, non-final, nested classes annotated with @Configuration.
2025-02-27 22:57:36 [main] INFO  o.s.b.t.c.SpringBootTestContextBootstrapper - Found @SpringBootConfiguration com.nasa.NasaBotApplication for test class com.nasa.serviceNasaAPI.impl.MarsRoverPhotosTest
2025-02-27 22:57:37 [main] INFO  c.n.s.impl.MarsRoverPhotosTest - Starting MarsRoverPhotosTest using Java 21.0.4 with PID 14732 (started by coman in C:\Users\coman\IdeaProjects\nasa_bot)
2025-02-27 22:57:37 [main] INFO  c.n.s.impl.MarsRoverPhotosTest - No active profile set, falling back to 1 default profile: "default"
2025-02-27 22:57:39 [main] INFO  o.s.v.b.OptionalValidatorFactoryBean - Failed to set up a Bean Validation provider: jakarta.validation.NoProviderFoundException: Unable to create a Configuration, because no Jakarta Bean Validation provider could be found. Add a provider like Hibernate Validator (RI) to your classpath.
2025-02-27 22:57:40 [main] INFO  c.n.s.impl.MarsRoverPhotosTest - Started MarsRoverPhotosTest in 3.284 seconds (process running for 4.906)
2025-02-27 23:01:26 [main] INFO  o.s.t.c.s.AnnotationConfigContextLoaderUtils - Could not detect default configuration classes for test class [com.nasa.serviceNasaAPI.impl.MarsRoverPhotosTest]: MarsRoverPhotosTest does not declare any static, non-private, non-final, nested classes annotated with @Configuration.
2025-02-27 23:01:26 [main] INFO  o.s.b.t.c.SpringBootTestContextBootstrapper - Found @SpringBootConfiguration com.nasa.NasaBotApplication for test class com.nasa.serviceNasaAPI.impl.MarsRoverPhotosTest
2025-02-27 23:01:27 [main] INFO  c.n.s.impl.MarsRoverPhotosTest - Starting MarsRoverPhotosTest using Java 21.0.4 with PID 14184 (started by coman in C:\Users\coman\IdeaProjects\nasa_bot)
2025-02-27 23:01:27 [main] INFO  c.n.s.impl.MarsRoverPhotosTest - No active profile set, falling back to 1 default profile: "default"
2025-02-27 23:01:30 [main] INFO  o.s.v.b.OptionalValidatorFactoryBean - Failed to set up a Bean Validation provider: jakarta.validation.NoProviderFoundException: Unable to create a Configuration, because no Jakarta Bean Validation provider could be found. Add a provider like Hibernate Validator (RI) to your classpath.
2025-02-27 23:01:30 [main] INFO  c.n.s.impl.MarsRoverPhotosTest - Started MarsRoverPhotosTest in 4.015 seconds (process running for 6.613)
2025-02-27 23:02:39 [main] INFO  o.s.t.c.s.AnnotationConfigContextLoaderUtils - Could not detect default configuration classes for test class [com.nasa.serviceNasaAPI.impl.MarsRoverPhotosTest]: MarsRoverPhotosTest does not declare any static, non-private, non-final, nested classes annotated with @Configuration.
2025-02-27 23:02:39 [main] INFO  o.s.b.t.c.SpringBootTestContextBootstrapper - Found @SpringBootConfiguration com.nasa.NasaBotApplication for test class com.nasa.serviceNasaAPI.impl.MarsRoverPhotosTest
2025-02-27 23:02:39 [main] INFO  c.n.s.impl.MarsRoverPhotosTest - Starting MarsRoverPhotosTest using Java 21.0.4 with PID 3516 (started by coman in C:\Users\coman\IdeaProjects\nasa_bot)
2025-02-27 23:02:39 [main] INFO  c.n.s.impl.MarsRoverPhotosTest - No active profile set, falling back to 1 default profile: "default"
2025-02-27 23:02:42 [main] INFO  o.s.v.b.OptionalValidatorFactoryBean - Failed to set up a Bean Validation provider: jakarta.validation.NoProviderFoundException: Unable to create a Configuration, because no Jakarta Bean Validation provider could be found. Add a provider like Hibernate Validator (RI) to your classpath.
2025-02-27 23:02:43 [main] INFO  c.n.s.impl.MarsRoverPhotosTest - Started MarsRoverPhotosTest in 3.324 seconds (process running for 4.86)
2025-02-27 23:03:27 [main] INFO  o.s.t.c.s.AnnotationConfigContextLoaderUtils - Could not detect default configuration classes for test class [com.nasa.serviceNasaAPI.impl.MarsRoverPhotosTest]: MarsRoverPhotosTest does not declare any static, non-private, non-final, nested classes annotated with @Configuration.
2025-02-27 23:03:27 [main] INFO  o.s.b.t.c.SpringBootTestContextBootstrapper - Found @SpringBootConfiguration com.nasa.NasaBotApplication for test class com.nasa.serviceNasaAPI.impl.MarsRoverPhotosTest
2025-02-27 23:03:28 [main] INFO  c.n.s.impl.MarsRoverPhotosTest - Starting MarsRoverPhotosTest using Java 21.0.4 with PID 13256 (started by coman in C:\Users\coman\IdeaProjects\nasa_bot)
2025-02-27 23:03:28 [main] INFO  c.n.s.impl.MarsRoverPhotosTest - No active profile set, falling back to 1 default profile: "default"
2025-02-27 23:03:30 [main] INFO  o.s.v.b.OptionalValidatorFactoryBean - Failed to set up a Bean Validation provider: jakarta.validation.NoProviderFoundException: Unable to create a Configuration, because no Jakarta Bean Validation provider could be found. Add a provider like Hibernate Validator (RI) to your classpath.
2025-02-27 23:03:31 [main] INFO  c.n.s.impl.MarsRoverPhotosTest - Started MarsRoverPhotosTest in 3.434 seconds (process running for 5.035)
2025-02-27 23:03:41 [main] INFO  o.s.t.c.s.AnnotationConfigContextLoaderUtils - Could not detect default configuration classes for test class [com.nasa.serviceNasaAPI.impl.MarsRoverPhotosTest]: MarsRoverPhotosTest does not declare any static, non-private, non-final, nested classes annotated with @Configuration.
2025-02-27 23:03:41 [main] INFO  o.s.b.t.c.SpringBootTestContextBootstrapper - Found @SpringBootConfiguration com.nasa.NasaBotApplication for test class com.nasa.serviceNasaAPI.impl.MarsRoverPhotosTest
2025-02-27 23:03:42 [main] INFO  c.n.s.impl.MarsRoverPhotosTest - Starting MarsRoverPhotosTest using Java 21.0.4 with PID 8012 (started by coman in C:\Users\coman\IdeaProjects\nasa_bot)
2025-02-27 23:03:42 [main] INFO  c.n.s.impl.MarsRoverPhotosTest - No active profile set, falling back to 1 default profile: "default"
2025-02-27 23:03:44 [main] INFO  o.s.v.b.OptionalValidatorFactoryBean - Failed to set up a Bean Validation provider: jakarta.validation.NoProviderFoundException: Unable to create a Configuration, because no Jakarta Bean Validation provider could be found. Add a provider like Hibernate Validator (RI) to your classpath.
2025-02-27 23:03:45 [main] INFO  c.n.s.impl.MarsRoverPhotosTest - Started MarsRoverPhotosTest in 3.411 seconds (process running for 5.018)
2025-02-27 23:04:03 [main] INFO  o.s.t.c.s.AnnotationConfigContextLoaderUtils - Could not detect default configuration classes for test class [com.nasa.serviceNasaAPI.impl.MarsRoverPhotosTest]: MarsRoverPhotosTest does not declare any static, non-private, non-final, nested classes annotated with @Configuration.
2025-02-27 23:04:03 [main] INFO  o.s.b.t.c.SpringBootTestContextBootstrapper - Found @SpringBootConfiguration com.nasa.NasaBotApplication for test class com.nasa.serviceNasaAPI.impl.MarsRoverPhotosTest
2025-02-27 23:04:04 [main] INFO  c.n.s.impl.MarsRoverPhotosTest - Starting MarsRoverPhotosTest using Java 21.0.4 with PID 4936 (started by coman in C:\Users\coman\IdeaProjects\nasa_bot)
2025-02-27 23:04:04 [main] INFO  c.n.s.impl.MarsRoverPhotosTest - No active profile set, falling back to 1 default profile: "default"
2025-02-27 23:04:07 [main] INFO  o.s.v.b.OptionalValidatorFactoryBean - Failed to set up a Bean Validation provider: jakarta.validation.NoProviderFoundException: Unable to create a Configuration, because no Jakarta Bean Validation provider could be found. Add a provider like Hibernate Validator (RI) to your classpath.
2025-02-27 23:04:07 [main] INFO  c.n.s.impl.MarsRoverPhotosTest - Started MarsRoverPhotosTest in 3.512 seconds (process running for 5.069)
2025-02-27 23:05:33 [main] INFO  o.s.t.c.s.AnnotationConfigContextLoaderUtils - Could not detect default configuration classes for test class [com.nasa.serviceNasaAPI.impl.MarsRoverPhotosTest]: MarsRoverPhotosTest does not declare any static, non-private, non-final, nested classes annotated with @Configuration.
2025-02-27 23:05:33 [main] INFO  o.s.b.t.c.SpringBootTestContextBootstrapper - Found @SpringBootConfiguration com.nasa.NasaBotApplication for test class com.nasa.serviceNasaAPI.impl.MarsRoverPhotosTest
2025-02-27 23:05:34 [main] INFO  c.n.s.impl.MarsRoverPhotosTest - Starting MarsRoverPhotosTest using Java 21.0.4 with PID 15636 (started by coman in C:\Users\coman\IdeaProjects\nasa_bot)
2025-02-27 23:05:34 [main] INFO  c.n.s.impl.MarsRoverPhotosTest - No active profile set, falling back to 1 default profile: "default"
2025-02-27 23:05:36 [main] INFO  o.s.v.b.OptionalValidatorFactoryBean - Failed to set up a Bean Validation provider: jakarta.validation.NoProviderFoundException: Unable to create a Configuration, because no Jakarta Bean Validation provider could be found. Add a provider like Hibernate Validator (RI) to your classpath.
2025-02-27 23:05:37 [main] INFO  c.n.s.impl.MarsRoverPhotosTest - Started MarsRoverPhotosTest in 3.212 seconds (process running for 4.752)
2025-02-27 23:07:06 [main] INFO  o.s.t.c.s.AnnotationConfigContextLoaderUtils - Could not detect default configuration classes for test class [com.nasa.serviceNasaAPI.impl.MarsRoverPhotosTest]: MarsRoverPhotosTest does not declare any static, non-private, non-final, nested classes annotated with @Configuration.
2025-02-27 23:07:06 [main] INFO  o.s.b.t.c.SpringBootTestContextBootstrapper - Found @SpringBootConfiguration com.nasa.NasaBotApplication for test class com.nasa.serviceNasaAPI.impl.MarsRoverPhotosTest
2025-02-27 23:07:07 [main] INFO  c.n.s.impl.MarsRoverPhotosTest - Starting MarsRoverPhotosTest using Java 21.0.4 with PID 10076 (started by coman in C:\Users\coman\IdeaProjects\nasa_bot)
2025-02-27 23:07:07 [main] INFO  c.n.s.impl.MarsRoverPhotosTest - No active profile set, falling back to 1 default profile: "default"
2025-02-27 23:07:09 [main] INFO  o.s.v.b.OptionalValidatorFactoryBean - Failed to set up a Bean Validation provider: jakarta.validation.NoProviderFoundException: Unable to create a Configuration, because no Jakarta Bean Validation provider could be found. Add a provider like Hibernate Validator (RI) to your classpath.
2025-02-27 23:07:10 [main] INFO  c.n.s.impl.MarsRoverPhotosTest - Started MarsRoverPhotosTest in 3.362 seconds (process running for 4.914)
2025-02-27 23:07:51 [main] INFO  o.s.t.c.s.AnnotationConfigContextLoaderUtils - Could not detect default configuration classes for test class [com.nasa.serviceNasaAPI.impl.MarsRoverPhotosTest]: MarsRoverPhotosTest does not declare any static, non-private, non-final, nested classes annotated with @Configuration.
2025-02-27 23:07:51 [main] INFO  o.s.b.t.c.SpringBootTestContextBootstrapper - Found @SpringBootConfiguration com.nasa.NasaBotApplication for test class com.nasa.serviceNasaAPI.impl.MarsRoverPhotosTest
2025-02-27 23:07:52 [main] INFO  c.n.s.impl.MarsRoverPhotosTest - Starting MarsRoverPhotosTest using Java 21.0.4 with PID 5200 (started by coman in C:\Users\coman\IdeaProjects\nasa_bot)
2025-02-27 23:07:52 [main] INFO  c.n.s.impl.MarsRoverPhotosTest - No active profile set, falling back to 1 default profile: "default"
2025-02-27 23:07:55 [main] INFO  o.s.v.b.OptionalValidatorFactoryBean - Failed to set up a Bean Validation provider: jakarta.validation.NoProviderFoundException: Unable to create a Configuration, because no Jakarta Bean Validation provider could be found. Add a provider like Hibernate Validator (RI) to your classpath.
2025-02-27 23:07:55 [main] INFO  c.n.s.impl.MarsRoverPhotosTest - Started MarsRoverPhotosTest in 3.72 seconds (process running for 5.293)
2025-02-27 23:08:55 [main] INFO  o.s.t.c.s.AnnotationConfigContextLoaderUtils - Could not detect default configuration classes for test class [com.nasa.serviceNasaAPI.impl.MarsRoverPhotosTest]: MarsRoverPhotosTest does not declare any static, non-private, non-final, nested classes annotated with @Configuration.
2025-02-27 23:08:55 [main] INFO  o.s.b.t.c.SpringBootTestContextBootstrapper - Found @SpringBootConfiguration com.nasa.NasaBotApplication for test class com.nasa.serviceNasaAPI.impl.MarsRoverPhotosTest
2025-02-27 23:08:56 [main] INFO  c.n.s.impl.MarsRoverPhotosTest - Starting MarsRoverPhotosTest using Java 21.0.4 with PID 13864 (started by coman in C:\Users\coman\IdeaProjects\nasa_bot)
2025-02-27 23:08:56 [main] INFO  c.n.s.impl.MarsRoverPhotosTest - No active profile set, falling back to 1 default profile: "default"
2025-02-27 23:08:58 [main] INFO  o.s.v.b.OptionalValidatorFactoryBean - Failed to set up a Bean Validation provider: jakarta.validation.NoProviderFoundException: Unable to create a Configuration, because no Jakarta Bean Validation provider could be found. Add a provider like Hibernate Validator (RI) to your classpath.
2025-02-27 23:08:59 [main] INFO  c.n.s.impl.MarsRoverPhotosTest - Started MarsRoverPhotosTest in 3.319 seconds (process running for 4.843)
2025-02-27 23:12:28 [main] INFO  com.nasa.NasaBotApplication - Starting NasaBotApplication using Java 21.0.4 with PID 16532 (C:\Users\coman\IdeaProjects\nasa_bot\target\classes started by coman in C:\Users\coman\IdeaProjects\nasa_bot)
2025-02-27 23:12:28 [main] INFO  com.nasa.NasaBotApplication - No active profile set, falling back to 1 default profile: "default"
2025-02-27 23:12:29 [main] INFO  o.s.b.w.e.tomcat.TomcatWebServer - Tomcat initialized with port 8080 (http)
2025-02-27 23:12:30 [main] INFO  o.a.coyote.http11.Http11NioProtocol - Initializing ProtocolHandler ["http-nio-8080"]
2025-02-27 23:12:30 [main] INFO  o.a.catalina.core.StandardService - Starting service [Tomcat]
2025-02-27 23:12:30 [main] INFO  o.a.catalina.core.StandardEngine - Starting Servlet engine: [Apache Tomcat/10.1.36]
2025-02-27 23:12:30 [main] INFO  o.a.c.c.C.[Tomcat].[localhost].[/] - Initializing Spring embedded WebApplicationContext
2025-02-27 23:12:30 [main] INFO  o.s.b.w.s.c.ServletWebServerApplicationContext - Root WebApplicationContext: initialization completed in 1192 ms
2025-02-27 23:12:31 [main] INFO  o.s.v.b.OptionalValidatorFactoryBean - Failed to set up a Bean Validation provider: jakarta.validation.NoProviderFoundException: Unable to create a Configuration, because no Jakarta Bean Validation provider could be found. Add a provider like Hibernate Validator (RI) to your classpath.
2025-02-27 23:12:31 [main] INFO  o.a.coyote.http11.Http11NioProtocol - Starting ProtocolHandler ["http-nio-8080"]
2025-02-27 23:12:31 [main] INFO  o.s.b.w.e.tomcat.TomcatWebServer - Tomcat started on port 8080 (http) with context path '/'
2025-02-27 23:12:31 [main] INFO  com.nasa.NasaBotApplication - Started NasaBotApplication in 3.188 seconds (process running for 4.081)
2025-02-27 23:13:01 [nasa_s_bot Telegram Executor] INFO  c.nasa.serviceBot.UpdateDispatcher - ID: 803292990 User: Viacheslav null HowardRoarkS Message: /start
2025-02-27 23:13:48 [nasa_s_bot Telegram Executor] INFO  c.nasa.serviceBot.UpdateDispatcher - ID: 803292990 User: Viacheslav null HowardRoarkS Message:   
2025-02-27 23:13:59 [nasa_s_bot Telegram Executor] INFO  c.nasa.serviceBot.UpdateDispatcher - ID: 803292990 User: Viacheslav null HowardRoarkS Message: 50.6 -58
2025-02-27 23:14:32 [nasa_s_bot Telegram Executor] INFO  c.nasa.serviceBot.UpdateDispatcher - ID: 803292990 User: Viacheslav null HowardRoarkS Message: 2025-02-25
2025-02-27 23:15:48 [nasa_s_bot Telegram Executor] INFO  c.n.s.handler.impl.CommandHandler - User: Viacheslav wrote wrong command:  2025-05-05
2025-02-27 23:15:48 [nasa_s_bot Telegram Executor] INFO  c.nasa.serviceBot.UpdateDispatcher - ID: 803292990 User: Viacheslav null HowardRoarkS Message: 2025-05-05
2025-02-27 23:15:53 [SpringApplicationShutdownHook] INFO  o.s.b.w.e.tomcat.GracefulShutdown - Commencing graceful shutdown. Waiting for active requests to complete
2025-02-27 23:15:53 [tomcat-shutdown] INFO  o.s.b.w.e.tomcat.GracefulShutdown - Graceful shutdown complete
2025-02-27 23:21:19 [main] INFO  o.s.t.c.s.AnnotationConfigContextLoaderUtils - Could not detect default configuration classes for test class [com.nasa.serviceNasaAPI.impl.MarsRoverPhotosTest]: MarsRoverPhotosTest does not declare any static, non-private, non-final, nested classes annotated with @Configuration.
2025-02-27 23:21:19 [main] INFO  o.s.b.t.c.SpringBootTestContextBootstrapper - Found @SpringBootConfiguration com.nasa.NasaBotApplication for test class com.nasa.serviceNasaAPI.impl.MarsRoverPhotosTest
2025-02-27 23:21:20 [main] INFO  c.n.s.impl.MarsRoverPhotosTest - Starting MarsRoverPhotosTest using Java 21.0.4 with PID 7076 (started by coman in C:\Users\coman\IdeaProjects\nasa_bot)
2025-02-27 23:21:20 [main] INFO  c.n.s.impl.MarsRoverPhotosTest - No active profile set, falling back to 1 default profile: "default"
2025-02-27 23:21:22 [main] INFO  o.s.v.b.OptionalValidatorFactoryBean - Failed to set up a Bean Validation provider: jakarta.validation.NoProviderFoundException: Unable to create a Configuration, because no Jakarta Bean Validation provider could be found. Add a provider like Hibernate Validator (RI) to your classpath.
2025-02-27 23:21:23 [main] INFO  c.n.s.impl.MarsRoverPhotosTest - Started MarsRoverPhotosTest in 3.375 seconds (process running for 4.958)
2025-02-27 23:23:33 [main] INFO  o.s.t.c.s.AnnotationConfigContextLoaderUtils - Could not detect default configuration classes for test class [com.nasa.serviceNasaAPI.impl.MarsRoverPhotosTest]: MarsRoverPhotosTest does not declare any static, non-private, non-final, nested classes annotated with @Configuration.
2025-02-27 23:23:33 [main] INFO  o.s.b.t.c.SpringBootTestContextBootstrapper - Found @SpringBootConfiguration com.nasa.NasaBotApplication for test class com.nasa.serviceNasaAPI.impl.MarsRoverPhotosTest
2025-02-27 23:23:34 [main] INFO  c.n.s.impl.MarsRoverPhotosTest - Starting MarsRoverPhotosTest using Java 21.0.4 with PID 5852 (started by coman in C:\Users\coman\IdeaProjects\nasa_bot)
2025-02-27 23:23:34 [main] INFO  c.n.s.impl.MarsRoverPhotosTest - No active profile set, falling back to 1 default profile: "default"
2025-02-27 23:23:37 [main] INFO  o.s.v.b.OptionalValidatorFactoryBean - Failed to set up a Bean Validation provider: jakarta.validation.NoProviderFoundException: Unable to create a Configuration, because no Jakarta Bean Validation provider could be found. Add a provider like Hibernate Validator (RI) to your classpath.
2025-02-27 23:23:37 [main] INFO  c.n.s.impl.MarsRoverPhotosTest - Started MarsRoverPhotosTest in 3.428 seconds (process running for 5.015)
2025-02-27 23:24:26 [main] INFO  o.s.t.c.s.AnnotationConfigContextLoaderUtils - Could not detect default configuration classes for test class [com.nasa.serviceNasaAPI.impl.MarsRoverPhotosTest]: MarsRoverPhotosTest does not declare any static, non-private, non-final, nested classes annotated with @Configuration.
2025-02-27 23:24:26 [main] INFO  o.s.b.t.c.SpringBootTestContextBootstrapper - Found @SpringBootConfiguration com.nasa.NasaBotApplication for test class com.nasa.serviceNasaAPI.impl.MarsRoverPhotosTest
2025-02-27 23:24:27 [main] INFO  c.n.s.impl.MarsRoverPhotosTest - Starting MarsRoverPhotosTest using Java 21.0.4 with PID 16452 (started by coman in C:\Users\coman\IdeaProjects\nasa_bot)
2025-02-27 23:24:27 [main] INFO  c.n.s.impl.MarsRoverPhotosTest - No active profile set, falling back to 1 default profile: "default"
2025-02-27 23:24:29 [main] INFO  o.s.v.b.OptionalValidatorFactoryBean - Failed to set up a Bean Validation provider: jakarta.validation.NoProviderFoundException: Unable to create a Configuration, because no Jakarta Bean Validation provider could be found. Add a provider like Hibernate Validator (RI) to your classpath.
2025-02-27 23:24:30 [main] INFO  c.n.s.impl.MarsRoverPhotosTest - Started MarsRoverPhotosTest in 3.319 seconds (process running for 4.905)
2025-02-27 23:26:48 [main] INFO  o.s.t.c.s.AnnotationConfigContextLoaderUtils - Could not detect default configuration classes for test class [com.nasa.serviceNasaAPI.impl.MarsRoverPhotosTest]: MarsRoverPhotosTest does not declare any static, non-private, non-final, nested classes annotated with @Configuration.
2025-02-27 23:26:48 [main] INFO  o.s.b.t.c.SpringBootTestContextBootstrapper - Found @SpringBootConfiguration com.nasa.NasaBotApplication for test class com.nasa.serviceNasaAPI.impl.MarsRoverPhotosTest
2025-02-27 23:26:48 [main] INFO  c.n.s.impl.MarsRoverPhotosTest - Starting MarsRoverPhotosTest using Java 21.0.4 with PID 10488 (started by coman in C:\Users\coman\IdeaProjects\nasa_bot)
2025-02-27 23:26:48 [main] INFO  c.n.s.impl.MarsRoverPhotosTest - No active profile set, falling back to 1 default profile: "default"
2025-02-27 23:26:51 [main] INFO  o.s.v.b.OptionalValidatorFactoryBean - Failed to set up a Bean Validation provider: jakarta.validation.NoProviderFoundException: Unable to create a Configuration, because no Jakarta Bean Validation provider could be found. Add a provider like Hibernate Validator (RI) to your classpath.
2025-02-27 23:26:51 [main] INFO  c.n.s.impl.MarsRoverPhotosTest - Started MarsRoverPhotosTest in 3.324 seconds (process running for 4.864)
2025-02-27 23:44:24 [main] INFO  o.s.t.c.s.AnnotationConfigContextLoaderUtils - Could not detect default configuration classes for test class [com.nasa.serviceNasaAPI.impl.MarsRoverPhotosTest]: MarsRoverPhotosTest does not declare any static, non-private, non-final, nested classes annotated with @Configuration.
2025-02-27 23:44:24 [main] INFO  o.s.b.t.c.SpringBootTestContextBootstrapper - Found @SpringBootConfiguration com.nasa.NasaBotApplication for test class com.nasa.serviceNasaAPI.impl.MarsRoverPhotosTest
2025-02-27 23:44:25 [main] INFO  c.n.s.impl.MarsRoverPhotosTest - Starting MarsRoverPhotosTest using Java 21.0.4 with PID 1488 (started by coman in C:\Users\coman\IdeaProjects\nasa_bot)
2025-02-27 23:44:25 [main] INFO  c.n.s.impl.MarsRoverPhotosTest - No active profile set, falling back to 1 default profile: "default"
2025-02-27 23:44:27 [main] INFO  o.s.v.b.OptionalValidatorFactoryBean - Failed to set up a Bean Validation provider: jakarta.validation.NoProviderFoundException: Unable to create a Configuration, because no Jakarta Bean Validation provider could be found. Add a provider like Hibernate Validator (RI) to your classpath.
2025-02-27 23:44:28 [main] INFO  c.n.s.impl.MarsRoverPhotosTest - Started MarsRoverPhotosTest in 3.351 seconds (process running for 4.883)
2025-02-27 23:45:58 [main] INFO  o.s.t.c.s.AnnotationConfigContextLoaderUtils - Could not detect default configuration classes for test class [com.nasa.serviceNasaAPI.impl.MarsRoverPhotosTest]: MarsRoverPhotosTest does not declare any static, non-private, non-final, nested classes annotated with @Configuration.
2025-02-27 23:45:59 [main] INFO  o.s.b.t.c.SpringBootTestContextBootstrapper - Found @SpringBootConfiguration com.nasa.NasaBotApplication for test class com.nasa.serviceNasaAPI.impl.MarsRoverPhotosTest
2025-02-27 23:45:59 [main] INFO  c.n.s.impl.MarsRoverPhotosTest - Starting MarsRoverPhotosTest using Java 21.0.4 with PID 12852 (started by coman in C:\Users\coman\IdeaProjects\nasa_bot)
2025-02-27 23:45:59 [main] INFO  c.n.s.impl.MarsRoverPhotosTest - No active profile set, falling back to 1 default profile: "default"
2025-02-27 23:46:02 [main] INFO  o.s.v.b.OptionalValidatorFactoryBean - Failed to set up a Bean Validation provider: jakarta.validation.NoProviderFoundException: Unable to create a Configuration, because no Jakarta Bean Validation provider could be found. Add a provider like Hibernate Validator (RI) to your classpath.
2025-02-27 23:46:02 [main] INFO  c.n.s.impl.MarsRoverPhotosTest - Started MarsRoverPhotosTest in 3.529 seconds (process running for 5.14)
2025-02-27 23:46:18 [main] INFO  com.nasa.NasaBotApplication - Starting NasaBotApplication using Java 21.0.4 with PID 15056 (C:\Users\coman\IdeaProjects\nasa_bot\target\classes started by coman in C:\Users\coman\IdeaProjects\nasa_bot)
2025-02-27 23:46:18 [main] INFO  com.nasa.NasaBotApplication - No active profile set, falling back to 1 default profile: "default"
2025-02-27 23:46:19 [main] INFO  o.s.b.w.e.tomcat.TomcatWebServer - Tomcat initialized with port 8080 (http)
2025-02-27 23:46:19 [main] INFO  o.a.coyote.http11.Http11NioProtocol - Initializing ProtocolHandler ["http-nio-8080"]
2025-02-27 23:46:19 [main] INFO  o.a.catalina.core.StandardService - Starting service [Tomcat]
2025-02-27 23:46:19 [main] INFO  o.a.catalina.core.StandardEngine - Starting Servlet engine: [Apache Tomcat/10.1.36]
2025-02-27 23:46:19 [main] INFO  o.a.c.c.C.[Tomcat].[localhost].[/] - Initializing Spring embedded WebApplicationContext
2025-02-27 23:46:19 [main] INFO  o.s.b.w.s.c.ServletWebServerApplicationContext - Root WebApplicationContext: initialization completed in 1101 ms
2025-02-27 23:46:20 [main] INFO  o.s.v.b.OptionalValidatorFactoryBean - Failed to set up a Bean Validation provider: jakarta.validation.NoProviderFoundException: Unable to create a Configuration, because no Jakarta Bean Validation provider could be found. Add a provider like Hibernate Validator (RI) to your classpath.
2025-02-27 23:46:21 [main] INFO  o.a.coyote.http11.Http11NioProtocol - Starting ProtocolHandler ["http-nio-8080"]
2025-02-27 23:46:21 [main] INFO  o.s.b.w.e.tomcat.TomcatWebServer - Tomcat started on port 8080 (http) with context path '/'
2025-02-27 23:46:21 [main] INFO  com.nasa.NasaBotApplication - Started NasaBotApplication in 2.957 seconds (process running for 3.809)
2025-02-27 23:47:08 [nasa_s_bot Telegram Executor] INFO  c.nasa.serviceBot.UpdateDispatcher - ID: 803292990 User: Viacheslav null HowardRoarkS Message: 2025-02-24
2025-02-27 23:47:15 [nasa_s_bot Telegram Executor] INFO  c.nasa.serviceBot.UpdateDispatcher - ID: 803292990 User: Viacheslav null HowardRoarkS Message: 2025-02-23
2025-02-27 23:47:58 [SpringApplicationShutdownHook] INFO  o.s.b.w.e.tomcat.GracefulShutdown - Commencing graceful shutdown. Waiting for active requests to complete
2025-02-27 23:47:58 [tomcat-shutdown] INFO  o.s.b.w.e.tomcat.GracefulShutdown - Graceful shutdown complete
